<?xml version="1.0" encoding="UTF-8"?>
<testsuite xmlns:xsi="http://www.w3.org/2001/XMLSchema-instance" xsi:noNamespaceSchemaLocation="https://maven.apache.org/surefire/maven-surefire-plugin/xsd/surefire-test-report-3.0.xsd" version="3.0" name="com.appointments.test.TimeSlotTest" time="0.012" tests="8" errors="0" skipped="0" failures="0">
  <properties>
[...]
</properties>
  <testcase name="testDuration" classname="com.appointments.test.TimeSlotTest" time="0.001"/>
  <testcase name="testConstructorValid" classname="com.appointments.test.TimeSlotTest" time="0.0"/>
  <testcase name="justRun" classname="com.appointments.test.TimeSlotTest" time="0.001"/>
  <testcase name="testToString" classname="com.appointments.test.TimeSlotTest" time="0.001"/>
  <testcase name="testOverlapsFalse" classname="com.appointments.test.TimeSlotTest" time="0.001"/>
  <testcase name="testAvailabilitySetter" classname="com.appointments.test.TimeSlotTest" time="0.001"/>
  <testcase name="testConstructorInvalidThrowsException" classname="com.appointments.test.TimeSlotTest" time="0.001"/>
  <testcase name="testOverlapsTrue" classname="com.appointments.test.TimeSlotTest" time="0.001"/>
</testsuite>